This file contains any messages produced by compilers while
running configure, to aid debugging if configure makes a mistake.

It was created by configure, which was
generated by GNU Autoconf 2.59.  Invocation command line was

  $ ./configure --prefix=/Users/edmcmanus/alchemy/v0.5/../usr/local --includedir=/Users/edmcmanus/alchemy/v0.5/avm2-libc/include --libdir=/Users/edmcmanus/alchemy/v0.5/avm2-libc/lib --without-assembler --without-joystick --without-sdd1-decomp --without-jma-decomp --without-screenshot --without-sound --without-png --without-zlib --with-x=no --with-extra-opt=-DOSX -I/Users/edmcmanus/alchemy/v0.5/../usr/local/include -L/Users/edmcmanus/alchemy/v0.5/../usr/local/lib

## --------- ##
## Platform. ##
## --------- ##

hostname = champ.local
uname -m = i386
uname -r = 6.2-RELEASE
uname -s = FreeBSD
uname -v = FreeBSD 6.2-RELEASE #0: Fri Jan 12 10:40:27 UTC 2007     root@dessler.cse.buffalo.edu:/usr/obj/usr/src/sys/GENERIC 

/usr/bin/uname -p = i386
/bin/uname -X     = unknown

/bin/arch              = unknown
/usr/bin/arch -k       = unknown
/usr/convex/getsysinfo = unknown
hostinfo               = Mach kernel version:
	 Darwin Kernel Version 9.5.0: Wed Sep  3 11:29:43 PDT 2008; root:xnu-1228.7.58~1/RELEASE_I386
Kernel configured for up to 2 processors.
2 processors are physically available.
2 processors are logically available.
Processor type: i486 (Intel 80486)
Processors active: 0 1
Primary memory available: 2.00 gigabytes
Default processor set: 66 tasks, 315 threads, 2 processors
Load average: 0.64, Mach factor: 1.35
/bin/machine           = unknown
/usr/bin/oslevel       = unknown
/bin/universe          = unknown

PATH: /Users/edmcmanus/alchemy/v0.5/achacks
PATH: /usr/local/Trolltech/Qt-4.4.3/bin
PATH: /Applications/Flex/bin
PATH: /usr/local/sphinx/bin
PATH: /opt/local/lib/postgresql83/bin
PATH: /opt/local/bin
PATH: /opt/local/sbin
PATH: /usr/local/mysql/bin
PATH: /Users/edmcmanus/alchemy/v0.5/bin
PATH: /usr/bin
PATH: /bin
PATH: /usr/sbin
PATH: /sbin
PATH: /usr/local/bin
PATH: /usr/X11/bin


## ----------- ##
## Core tests. ##
## ----------- ##

configure:1380: checking for gcc
configure:1396: found /Users/edmcmanus/alchemy/v0.5/achacks/gcc
configure:1406: result: gcc
configure:1650: checking for C compiler version
configure:1653: gcc --version </dev/null >&5
llvm-gcc (GCC) 4.0.1 (Apple Computer, Inc. build 5449)(LLVM build 2.1)
Copyright (C) 2005 Free Software Foundation, Inc.
This is free software; see the source for copying conditions.  There is NO
warranty; not even for MERCHANTABILITY or FITNESS FOR A PARTICULAR PURPOSE.

configure:1656: $? = 0
configure:1658: gcc -v </dev/null >&5
Using built-in specs.
Target: i686-apple-darwin8
Configured with: ../src/configure --prefix=/Users/lattner/2.1/llvm-gcc4.0-2.1.source/obj/../install --program-prefix=llvm- --enable-llvm=/Users/lattner/2.1/llvm-2.1 --enable-languages=c,c++,objc,obj-c++ --with-arch=nocona --with-tune=generic --build=i686-apple-darwin8 --host=i686-apple-darwin8 --target=i686-apple-darwin8 --with-gxx-include-dir=/usr/include/c++/4.0.0
Thread model: posix
gcc version 4.0.1 (Apple Computer, Inc. build 5449)(LLVM build 2.1)
configure:1661: $? = 0
configure:1663: gcc -V </dev/null >&5
configure:1666: $? = 0
configure:1689: checking for C compiler default output file name
configure:1692: gcc    conftest.c  >&5
WARNING: While resolving call to function 'main' arguments were dropped!

27322.achacks.swf, 256802 bytes written
configure:1695: $? = 0
configure:1741: result: a.exe
configure:1746: checking whether the C compiler works
configure:1752: ./a.exe
configure:1755: $? = 0
configure:1772: result: yes
configure:1779: checking whether we are cross compiling
configure:1781: result: no
configure:1784: checking for suffix of executables
configure:1786: gcc -o conftest.exe    conftest.c  >&5
WARNING: While resolving call to function 'main' arguments were dropped!

27429.achacks.swf, 257909 bytes written
configure:1789: $? = 0
configure:1814: result: .exe
configure:1820: checking for suffix of object files
configure:1841: gcc -c   conftest.c >&5
configure:1844: $? = 0
configure:1866: result: o
configure:1870: checking whether we are using the GNU C compiler
configure:1894: gcc -c   conftest.c >&5
configure:1900: $? = 0
configure:1904: test -z 
			 || test ! -s conftest.err
configure:1907: $? = 0
configure:1910: test -s conftest.o
configure:1913: $? = 0
configure:1926: result: yes
configure:1932: checking whether gcc accepts -g
configure:1953: gcc -c -g  conftest.c >&5
configure:1959: $? = 0
configure:1963: test -z 
			 || test ! -s conftest.err
configure:1966: $? = 0
configure:1969: test -s conftest.o
configure:1972: $? = 0
configure:1983: result: yes
configure:2000: checking for gcc option to accept ANSI C
configure:2070: gcc  -c -g -O2  conftest.c >&5
configure:2076: $? = 0
configure:2080: test -z 
			 || test ! -s conftest.err
configure:2083: $? = 0
configure:2086: test -s conftest.o
configure:2089: $? = 0
configure:2107: result: none needed
configure:2125: gcc -c -g -O2  conftest.c >&5
conftest.c:2: error: parse error before 'me'
configure:2131: $? = 0
configure:2135: test -z 
			 || test ! -s conftest.err
configure:2138: $? = 0
configure:2141: test -s conftest.o
configure:2144: $? = 1
configure: failed program was:
| #ifndef __cplusplus
|   choke me
| #endif
configure:2316: checking for g++
configure:2332: found /Users/edmcmanus/alchemy/v0.5/achacks/g++
configure:2342: result: g++
configure:2358: checking for C++ compiler version
configure:2361: g++ --version </dev/null >&5
llvm-g++ (GCC) 4.0.1 (Apple Computer, Inc. build 5449)(LLVM build 2.1)
Copyright (C) 2005 Free Software Foundation, Inc.
This is free software; see the source for copying conditions.  There is NO
warranty; not even for MERCHANTABILITY or FITNESS FOR A PARTICULAR PURPOSE.

configure:2364: $? = 0
configure:2366: g++ -v </dev/null >&5
Using built-in specs.
Target: i686-apple-darwin8
Configured with: ../src/configure --prefix=/Users/lattner/2.1/llvm-gcc4.0-2.1.source/obj/../install --program-prefix=llvm- --enable-llvm=/Users/lattner/2.1/llvm-2.1 --enable-languages=c,c++,objc,obj-c++ --with-arch=nocona --with-tune=generic --build=i686-apple-darwin8 --host=i686-apple-darwin8 --target=i686-apple-darwin8 --with-gxx-include-dir=/usr/include/c++/4.0.0
Thread model: posix
gcc version 4.0.1 (Apple Computer, Inc. build 5449)(LLVM build 2.1)
configure:2369: $? = 0
configure:2371: g++ -V </dev/null >&5
configure:2374: $? = 0
configure:2377: checking whether we are using the GNU C++ compiler
configure:2401: g++ -c   conftest.cc >&5
configure:2407: $? = 0
configure:2411: test -z 
			 || test ! -s conftest.err
configure:2414: $? = 0
configure:2417: test -s conftest.o
configure:2420: $? = 0
configure:2433: result: yes
configure:2439: checking whether g++ accepts -g
configure:2460: g++ -c -g  conftest.cc >&5
configure:2466: $? = 0
configure:2470: test -z 
			 || test ! -s conftest.err
configure:2473: $? = 0
configure:2476: test -s conftest.o
configure:2479: $? = 0
configure:2490: result: yes
configure:2532: g++ -c -g -O2  conftest.cc >&5
configure:2538: $? = 0
configure:2542: test -z 
			 || test ! -s conftest.err
configure:2545: $? = 0
configure:2548: test -s conftest.o
configure:2551: $? = 0
configure:2577: g++ -c -g -O2  conftest.cc >&5
conftest.cc: In function 'int main()':
conftest.cc:13: error: 'exit' was not declared in this scope
configure:2583: $? = 0
configure:2587: test -z 
			 || test ! -s conftest.err
configure:2590: $? = 0
configure:2593: test -s conftest.o
configure:2596: $? = 1
configure: failed program was:
| /* confdefs.h.  */
| 
| #define PACKAGE_NAME ""
| #define PACKAGE_TARNAME ""
| #define PACKAGE_VERSION ""
| #define PACKAGE_STRING ""
| #define PACKAGE_BUGREPORT ""
| /* end confdefs.h.  */
| 
| int
| main ()
| {
| exit (42);
|   ;
|   return 0;
| }
configure:2532: g++ -c -g -O2  conftest.cc >&5
/Users/edmcmanus/alchemy/v0.5/avm2-libc/include/stdlib.h:92: error: declaration of 'void std::exit(int)' throws different exceptions
conftest.cc:9: error: than previous declaration 'void std::exit(int) throw ()'
configure:2538: $? = 0
configure:2542: test -z 
			 || test ! -s conftest.err
configure:2545: $? = 0
configure:2548: test -s conftest.o
configure:2551: $? = 1
configure: failed program was:
| /* confdefs.h.  */
| 
| #define PACKAGE_NAME ""
| #define PACKAGE_TARNAME ""
| #define PACKAGE_VERSION ""
| #define PACKAGE_STRING ""
| #define PACKAGE_BUGREPORT ""
| /* end confdefs.h.  */
| extern "C" void std::exit (int) throw (); using std::exit;
| #include <stdlib.h>
| int
| main ()
| {
| exit (42);
|   ;
|   return 0;
| }
configure:2532: g++ -c -g -O2  conftest.cc >&5
configure:2538: $? = 0
configure:2542: test -z 
			 || test ! -s conftest.err
configure:2545: $? = 0
configure:2548: test -s conftest.o
configure:2551: $? = 0
configure:2577: g++ -c -g -O2  conftest.cc >&5
configure:2583: $? = 0
configure:2587: test -z 
			 || test ! -s conftest.err
configure:2590: $? = 0
configure:2593: test -s conftest.o
configure:2596: $? = 0
configure:2640: checking for size_t
configure:2674: g++ -c -g -O2  conftest.cc >&5
configure:2680: $? = 0
configure:2684: test -z 
			 || test ! -s conftest.err
configure:2687: $? = 0
configure:2690: test -s conftest.o
configure:2693: $? = 0
configure:2717: result: yes
configure:2754: WARNING:
Converted . to /Users/edmcmanus/Code/flashsnes/src/c/snes9x_src,
If this does not work, please use an absolute path to the configure script.

configure:3435: checking -O2
configure:3514: g++ -o conftest.exe -g -O2 -O2   conftest.cc  >&5 2>conftezt.out.2
configure:3517: $? = 0
configure:3519: ./conftest.exe
configure:3522: $? = 0
configure:3576: result: yes
configure:4500: checking -fomit-frame-pointer
configure:4579: g++ -o conftest.exe -g -O2 -O2 -fomit-frame-pointer   conftest.cc  >&5 2>conftezt.out.2
configure:4582: $? = 0
configure:4584: ./conftest.exe
configure:4587: $? = 0
configure:4641: result: yes
configure:4651: checking -fno-exceptions
configure:4730: g++ -o conftest.exe -g -O2 -O2 -fomit-frame-pointer -fno-exceptions   conftest.cc  >&5 2>conftezt.out.2
configure:4733: $? = 0
configure:4735: ./conftest.exe
configure:4738: $? = 0
configure:4792: result: yes
configure:4802: checking -Wall
configure:4881: g++ -o conftest.exe -g -O2 -O2 -fomit-frame-pointer -fno-exceptions -Wall   conftest.cc  >&5 2>conftezt.out.2
configure:4884: $? = 0
configure:4886: ./conftest.exe
configure:4889: $? = 0
configure:4943: result: yes
configure:4953: checking -W
configure:5032: g++ -o conftest.exe -g -O2 -O2 -fomit-frame-pointer -fno-exceptions -Wall -W   conftest.cc  >&5 2>conftezt.out.2
configure:5035: $? = 0
configure:5037: ./conftest.exe
configure:5040: $? = 0
configure:5094: result: yes
configure:5104: checking -pedantic
configure:5183: g++ -o conftest.exe -g -O2 -O2 -fomit-frame-pointer -fno-exceptions -Wall -W -pedantic   conftest.cc  >&5 2>conftezt.out.2
configure:5186: $? = 0
configure:5188: ./conftest.exe
configure:5191: $? = 0
configure:5253: result: no
configure:5259: checking -Wno-unused-parameter
configure:5338: g++ -o conftest.exe -g -O2 -O2 -fomit-frame-pointer -fno-exceptions -Wall -W -Wno-unused-parameter   conftest.cc  >&5 2>conftezt.out.2
configure:5341: $? = 0
configure:5343: ./conftest.exe
configure:5346: $? = 0
configure:5400: result: yes
configure:5410: checking -pipe
configure:5489: g++ -o conftest.exe -g -O2 -O2 -fomit-frame-pointer -fno-exceptions -Wall -W -Wno-unused-parameter -pipe   conftest.cc  >&5 2>conftezt.out.2
configure:5492: $? = 0
configure:5494: ./conftest.exe
configure:5497: $? = 0
configure:5551: result: yes
configure:5561: checking -fno-rtti
configure:5640: g++ -o conftest.exe -g -O2 -O2 -fomit-frame-pointer -fno-exceptions -Wall -W -Wno-unused-parameter -pipe -fno-rtti   conftest.cc  >&5 2>conftezt.out.2
configure:5643: $? = 0
configure:5645: ./conftest.exe
configure:5648: $? = 0
configure:5702: result: yes
configure:5716: WARNING: You specified --with-extra-opt. I hope you know what you're doing, since
configure:5718: WARNING: *** MISUSING THIS OPTION WILL CAUSE SNES9X TO CRASH! ***
configure:5721: checking -DOSX -I/Users/edmcmanus/alchemy/v0.5/../usr/local/include -L/Users/edmcmanus/alchemy/v0.5/../usr/local/lib
configure:5800: g++ -o conftest.exe -g -O2 -O2 -fomit-frame-pointer -fno-exceptions -Wall -W -Wno-unused-parameter -pipe -DOSX -I/Users/edmcmanus/alchemy/v0.5/../usr/local/include -L/Users/edmcmanus/alchemy/v0.5/../usr/local/lib   conftest.cc  >&5 2>conftezt.out.2
configure:5803: $? = 0
configure:5805: ./conftest.exe
configure:5808: $? = 0
configure:5862: result: yes
configure:5939: checking if the CPU is IA32
configure:5968: g++ -c -g -O2 -O2 -fomit-frame-pointer -fno-exceptions -Wall -W -Wno-unused-parameter -pipe -DOSX -I/Users/edmcmanus/alchemy/v0.5/../usr/local/include -L/Users/edmcmanus/alchemy/v0.5/../usr/local/lib  conftest.cc >&5
configure:5974: $? = 0
configure:5978: test -z 
			 || test ! -s conftest.err
configure:5981: $? = 0
configure:5984: test -s conftest.o
configure:5987: $? = 0
configure:5999: result: yes
configure:6002: checking if the OS is Linux
configure:6030: g++ -c -g -O2 -O2 -fomit-frame-pointer -fno-exceptions -Wall -W -Wno-unused-parameter -pipe -DOSX -I/Users/edmcmanus/alchemy/v0.5/../usr/local/include -L/Users/edmcmanus/alchemy/v0.5/../usr/local/lib  conftest.cc >&5
conftest.cc:16:2: error: #error Not Linux.
configure:6036: $? = 0
configure:6040: test -z 
			 || test ! -s conftest.err
configure:6043: $? = 0
configure:6046: test -s conftest.o
configure:6049: $? = 1
configure: failed program was:
| /* confdefs.h.  */
| 
| #define PACKAGE_NAME ""
| #define PACKAGE_TARNAME ""
| #define PACKAGE_VERSION ""
| #define PACKAGE_STRING ""
| #define PACKAGE_BUGREPORT ""
| #ifdef __cplusplus
| extern "C" void std::exit (int); using std::exit;
| #endif
| /* end confdefs.h.  */
| 
| #ifdef __linux
| /* */
| #else
| #error Not Linux.
| #endif
| 
| int
| main ()
| {
| 
|   ;
|   return 0;
| }
configure:6061: result: no
configure:6064: checking if the OS is HP-UX
configure:6092: g++ -c -g -O2 -O2 -fomit-frame-pointer -fno-exceptions -Wall -W -Wno-unused-parameter -pipe -DOSX -I/Users/edmcmanus/alchemy/v0.5/../usr/local/include -L/Users/edmcmanus/alchemy/v0.5/../usr/local/lib  conftest.cc >&5
conftest.cc:16:2: error: #error Not Hpux.
configure:6098: $? = 0
configure:6102: test -z 
			 || test ! -s conftest.err
configure:6105: $? = 0
configure:6108: test -s conftest.o
configure:6111: $? = 1
configure: failed program was:
| /* confdefs.h.  */
| 
| #define PACKAGE_NAME ""
| #define PACKAGE_TARNAME ""
| #define PACKAGE_VERSION ""
| #define PACKAGE_STRING ""
| #define PACKAGE_BUGREPORT ""
| #ifdef __cplusplus
| extern "C" void std::exit (int); using std::exit;
| #endif
| /* end confdefs.h.  */
| 
| #ifdef __hpux
| /* */
| #else
| #error Not Hpux.
| #endif
| 
| int
| main ()
| {
| 
|   ;
|   return 0;
| }
configure:6123: result: no
configure:6126: checking if the OS is MS Windows
configure:6154: g++ -c -g -O2 -O2 -fomit-frame-pointer -fno-exceptions -Wall -W -Wno-unused-parameter -pipe -DOSX -I/Users/edmcmanus/alchemy/v0.5/../usr/local/include -L/Users/edmcmanus/alchemy/v0.5/../usr/local/lib  conftest.cc >&5
conftest.cc:16:2: error: #error Not win32.
configure:6160: $? = 0
configure:6164: test -z 
			 || test ! -s conftest.err
configure:6167: $? = 0
configure:6170: test -s conftest.o
configure:6173: $? = 1
configure: failed program was:
| /* confdefs.h.  */
| 
| #define PACKAGE_NAME ""
| #define PACKAGE_TARNAME ""
| #define PACKAGE_VERSION ""
| #define PACKAGE_STRING ""
| #define PACKAGE_BUGREPORT ""
| #ifdef __cplusplus
| extern "C" void std::exit (int); using std::exit;
| #endif
| /* end confdefs.h.  */
| 
| #if defined (__WIN32__)
| /* */
| #else
| #error Not win32.
| #endif
| 
| int
| main ()
| {
| 
|   ;
|   return 0;
| }
configure:6185: result: no
configure:7783: checking for mkstemp
configure:7840: g++ -o conftest.exe -g -O2 -O2 -fomit-frame-pointer -fno-exceptions -Wall -W -Wno-unused-parameter -pipe -DOSX -I/Users/edmcmanus/alchemy/v0.5/../usr/local/include -L/Users/edmcmanus/alchemy/v0.5/../usr/local/lib   conftest.cc  >&5
WARNING: While resolving call to function 'main' arguments were dropped!
WARNING: While resolving call to function 'stub_null' arguments were dropped!
WARNING: While resolving call to function 'stub_zero' arguments were dropped!
WARNING: While resolving call to function 'stub_zero' arguments were dropped!
WARNING: While resolving call to function 'stub_zero' arguments were dropped!
WARNING: While resolving call to function 'stub_zero' arguments were dropped!
WARNING: While resolving call to function 'stub_zero' arguments were dropped!

29949.achacks.swf, 285300 bytes written
configure:7846: $? = 0
configure:7850: test -z 
			 || test ! -s conftest.err
configure:7853: $? = 0
configure:7856: test -s conftest.exe
configure:7859: $? = 0
configure:7871: result: yes
configure:7882: checking for X
configure:8102: result: disabled
configure:8117: WARNING: X is normally required to build on Unix.
configure:8145: checking for XF86DGAQueryExtension in -lXxf86dga
configure:8175: g++ -o conftest.exe -g -O2 -O2 -fomit-frame-pointer -fno-exceptions -Wall -W -Wno-unused-parameter -pipe -DOSX -I/Users/edmcmanus/alchemy/v0.5/../usr/local/include -L/Users/edmcmanus/alchemy/v0.5/../usr/local/lib  -INONE    conftest.cc -lXxf86dga   >&5
WARNING: While resolving call to function 'main' arguments were dropped!
WARNING: While resolving call to function 'stub_null' arguments were dropped!
WARNING: While resolving call to function 'stub_zero' arguments were dropped!
WARNING: While resolving call to function 'stub_zero' arguments were dropped!
WARNING: While resolving call to function 'stub_zero' arguments were dropped!
WARNING: While resolving call to function 'stub_zero' arguments were dropped!
WARNING: While resolving call to function 'stub_zero' arguments were dropped!

30083.achacks.swf, 285438 bytes written
configure:8181: $? = 0
configure:8185: test -z 
			 || test ! -s conftest.err
configure:8188: $? = 0
configure:8191: test -s conftest.exe
configure:8194: $? = 0
configure:8207: result: yes
configure:8211: checking for XF86VidModeQueryVersion in -lXxf86vm
configure:8241: g++ -o conftest.exe -g -O2 -O2 -fomit-frame-pointer -fno-exceptions -Wall -W -Wno-unused-parameter -pipe -DOSX -I/Users/edmcmanus/alchemy/v0.5/../usr/local/include -L/Users/edmcmanus/alchemy/v0.5/../usr/local/lib  -INONE    conftest.cc -lXxf86vm   >&5
WARNING: While resolving call to function 'main' arguments were dropped!
WARNING: While resolving call to function 'stub_null' arguments were dropped!
WARNING: While resolving call to function 'stub_zero' arguments were dropped!
WARNING: While resolving call to function 'stub_zero' arguments were dropped!
WARNING: While resolving call to function 'stub_zero' arguments were dropped!
WARNING: While resolving call to function 'stub_zero' arguments were dropped!
WARNING: While resolving call to function 'stub_zero' arguments were dropped!

30216.achacks.swf, 285440 bytes written
configure:8247: $? = 0
configure:8251: test -z 
			 || test ! -s conftest.err
configure:8254: $? = 0
configure:8257: test -s conftest.exe
configure:8260: $? = 0
configure:8273: result: yes
configure:8332: checking strings.h usability
configure:8344: g++ -c -g -O2 -O2 -fomit-frame-pointer -fno-exceptions -Wall -W -Wno-unused-parameter -pipe -DOSX -I/Users/edmcmanus/alchemy/v0.5/../usr/local/include -L/Users/edmcmanus/alchemy/v0.5/../usr/local/lib  -INONE conftest.cc >&5
configure:8350: $? = 0
configure:8354: test -z 
			 || test ! -s conftest.err
configure:8357: $? = 0
configure:8360: test -s conftest.o
configure:8363: $? = 0
configure:8373: result: yes
configure:8377: checking strings.h presence
configure:8387:   -INONE conftest.cc
./configure: line 8388: -INONE: command not found
configure:8393: $? = 127
configure: failed program was:
| /* confdefs.h.  */
| 
| #define PACKAGE_NAME ""
| #define PACKAGE_TARNAME ""
| #define PACKAGE_VERSION ""
| #define PACKAGE_STRING ""
| #define PACKAGE_BUGREPORT ""
| #ifdef __cplusplus
| extern "C" void std::exit (int); using std::exit;
| #endif
| /* end confdefs.h.  */
| #include <strings.h>
configure:8413: result: no
configure:8419: WARNING: strings.h: accepted by the compiler, rejected by the preprocessor!
configure:8421: WARNING: strings.h: proceeding with the compiler's result
configure:8448: checking for strings.h
configure:8455: result: yes
configure:8477: checking sys/ioctl.h usability
configure:8489: g++ -c -g -O2 -O2 -fomit-frame-pointer -fno-exceptions -Wall -W -Wno-unused-parameter -pipe -DOSX -I/Users/edmcmanus/alchemy/v0.5/../usr/local/include -L/Users/edmcmanus/alchemy/v0.5/../usr/local/lib  -INONE conftest.cc >&5
configure:8495: $? = 0
configure:8499: test -z 
			 || test ! -s conftest.err
configure:8502: $? = 0
configure:8505: test -s conftest.o
configure:8508: $? = 0
configure:8518: result: yes
configure:8522: checking sys/ioctl.h presence
configure:8532:   -INONE conftest.cc
./configure: line 8533: -INONE: command not found
configure:8538: $? = 127
configure: failed program was:
| /* confdefs.h.  */
| 
| #define PACKAGE_NAME ""
| #define PACKAGE_TARNAME ""
| #define PACKAGE_VERSION ""
| #define PACKAGE_STRING ""
| #define PACKAGE_BUGREPORT ""
| #ifdef __cplusplus
| extern "C" void std::exit (int); using std::exit;
| #endif
| /* end confdefs.h.  */
| #include <sys/ioctl.h>
configure:8558: result: no
configure:8564: WARNING: sys/ioctl.h: accepted by the compiler, rejected by the preprocessor!
configure:8566: WARNING: sys/ioctl.h: proceeding with the compiler's result
configure:8593: checking for sys/ioctl.h
configure:8600: result: yes
configure:8622: checking stdint.h usability
configure:8634: g++ -c -g -O2 -O2 -fomit-frame-pointer -fno-exceptions -Wall -W -Wno-unused-parameter -pipe -DOSX -I/Users/edmcmanus/alchemy/v0.5/../usr/local/include -L/Users/edmcmanus/alchemy/v0.5/../usr/local/lib  -INONE conftest.cc >&5
configure:8640: $? = 0
configure:8644: test -z 
			 || test ! -s conftest.err
configure:8647: $? = 0
configure:8650: test -s conftest.o
configure:8653: $? = 0
configure:8663: result: yes
configure:8667: checking stdint.h presence
configure:8677:   -INONE conftest.cc
./configure: line 8678: -INONE: command not found
configure:8683: $? = 127
configure: failed program was:
| /* confdefs.h.  */
| 
| #define PACKAGE_NAME ""
| #define PACKAGE_TARNAME ""
| #define PACKAGE_VERSION ""
| #define PACKAGE_STRING ""
| #define PACKAGE_BUGREPORT ""
| #ifdef __cplusplus
| extern "C" void std::exit (int); using std::exit;
| #endif
| /* end confdefs.h.  */
| #include <stdint.h>
configure:8703: result: no
configure:8709: WARNING: stdint.h: accepted by the compiler, rejected by the preprocessor!
configure:8711: WARNING: stdint.h: proceeding with the compiler's result
configure:8738: checking for stdint.h
configure:8745: result: yes
configure:8775: checking unistd.h usability
configure:8787: g++ -c -g -O2 -O2 -fomit-frame-pointer -fno-exceptions -Wall -W -Wno-unused-parameter -pipe -DOSX -I/Users/edmcmanus/alchemy/v0.5/../usr/local/include -L/Users/edmcmanus/alchemy/v0.5/../usr/local/lib  -INONE conftest.cc >&5
configure:8793: $? = 0
configure:8797: test -z 
			 || test ! -s conftest.err
configure:8800: $? = 0
configure:8803: test -s conftest.o
configure:8806: $? = 0
configure:8816: result: yes
configure:8820: checking unistd.h presence
configure:8830:   -INONE conftest.cc
./configure: line 8831: -INONE: command not found
configure:8836: $? = 127
configure: failed program was:
| /* confdefs.h.  */
| 
| #define PACKAGE_NAME ""
| #define PACKAGE_TARNAME ""
| #define PACKAGE_VERSION ""
| #define PACKAGE_STRING ""
| #define PACKAGE_BUGREPORT ""
| #ifdef __cplusplus
| extern "C" void std::exit (int); using std::exit;
| #endif
| /* end confdefs.h.  */
| #include <unistd.h>
configure:8856: result: no
configure:8862: WARNING: unistd.h: accepted by the compiler, rejected by the preprocessor!
configure:8864: WARNING: unistd.h: proceeding with the compiler's result
configure:8891: checking for unistd.h
configure:8898: result: yes
configure:8775: checking sys/socket.h usability
configure:8787: g++ -c -g -O2 -O2 -fomit-frame-pointer -fno-exceptions -Wall -W -Wno-unused-parameter -pipe -DOSX -I/Users/edmcmanus/alchemy/v0.5/../usr/local/include -L/Users/edmcmanus/alchemy/v0.5/../usr/local/lib  -INONE conftest.cc >&5
configure:8793: $? = 0
configure:8797: test -z 
			 || test ! -s conftest.err
configure:8800: $? = 0
configure:8803: test -s conftest.o
configure:8806: $? = 0
configure:8816: result: yes
configure:8820: checking sys/socket.h presence
configure:8830:   -INONE conftest.cc
./configure: line 8831: -INONE: command not found
configure:8836: $? = 127
configure: failed program was:
| /* confdefs.h.  */
| 
| #define PACKAGE_NAME ""
| #define PACKAGE_TARNAME ""
| #define PACKAGE_VERSION ""
| #define PACKAGE_STRING ""
| #define PACKAGE_BUGREPORT ""
| #ifdef __cplusplus
| extern "C" void std::exit (int); using std::exit;
| #endif
| #define HAVE_UNISTD_H 1
| /* end confdefs.h.  */
| #include <sys/socket.h>
configure:8856: result: no
configure:8862: WARNING: sys/socket.h: accepted by the compiler, rejected by the preprocessor!
configure:8864: WARNING: sys/socket.h: proceeding with the compiler's result
configure:8891: checking for sys/socket.h
configure:8898: result: yes
configure:8775: checking winsock.h usability
configure:8787: g++ -c -g -O2 -O2 -fomit-frame-pointer -fno-exceptions -Wall -W -Wno-unused-parameter -pipe -DOSX -I/Users/edmcmanus/alchemy/v0.5/../usr/local/include -L/Users/edmcmanus/alchemy/v0.5/../usr/local/lib  -INONE conftest.cc >&5
conftest.cc:48:21: error: winsock.h: No such file or directory
configure:8793: $? = 0
configure:8797: test -z 
			 || test ! -s conftest.err
configure:8800: $? = 0
configure:8803: test -s conftest.o
configure:8806: $? = 1
configure: failed program was:
| /* confdefs.h.  */
| 
| #define PACKAGE_NAME ""
| #define PACKAGE_TARNAME ""
| #define PACKAGE_VERSION ""
| #define PACKAGE_STRING ""
| #define PACKAGE_BUGREPORT ""
| #ifdef __cplusplus
| extern "C" void std::exit (int); using std::exit;
| #endif
| #define HAVE_UNISTD_H 1
| #define HAVE_SYS_SOCKET_H 1
| /* end confdefs.h.  */
| #include <stdio.h>
| #if HAVE_SYS_TYPES_H
| # include <sys/types.h>
| #endif
| #if HAVE_SYS_STAT_H
| # include <sys/stat.h>
| #endif
| #if STDC_HEADERS
| # include <stdlib.h>
| # include <stddef.h>
| #else
| # if HAVE_STDLIB_H
| #  include <stdlib.h>
| # endif
| #endif
| #if HAVE_STRING_H
| # if !STDC_HEADERS && HAVE_MEMORY_H
| #  include <memory.h>
| # endif
| # include <string.h>
| #endif
| #if HAVE_STRINGS_H
| # include <strings.h>
| #endif
| #if HAVE_INTTYPES_H
| # include <inttypes.h>
| #else
| # if HAVE_STDINT_H
| #  include <stdint.h>
| # endif
| #endif
| #if HAVE_UNISTD_H
| # include <unistd.h>
| #endif
| #include <winsock.h>
configure:8816: result: no
configure:8820: checking winsock.h presence
configure:8830:   -INONE conftest.cc
./configure: line 8831: -INONE: command not found
configure:8836: $? = 127
configure: failed program was:
| /* confdefs.h.  */
| 
| #define PACKAGE_NAME ""
| #define PACKAGE_TARNAME ""
| #define PACKAGE_VERSION ""
| #define PACKAGE_STRING ""
| #define PACKAGE_BUGREPORT ""
| #ifdef __cplusplus
| extern "C" void std::exit (int); using std::exit;
| #endif
| #define HAVE_UNISTD_H 1
| #define HAVE_SYS_SOCKET_H 1
| /* end confdefs.h.  */
| #include <winsock.h>
configure:8856: result: no
configure:8891: checking for winsock.h
configure:8898: result: no
configure:8775: checking winsock2.h usability
configure:8787: g++ -c -g -O2 -O2 -fomit-frame-pointer -fno-exceptions -Wall -W -Wno-unused-parameter -pipe -DOSX -I/Users/edmcmanus/alchemy/v0.5/../usr/local/include -L/Users/edmcmanus/alchemy/v0.5/../usr/local/lib  -INONE conftest.cc >&5
conftest.cc:48:22: error: winsock2.h: No such file or directory
configure:8793: $? = 0
configure:8797: test -z 
			 || test ! -s conftest.err
configure:8800: $? = 0
configure:8803: test -s conftest.o
configure:8806: $? = 1
configure: failed program was:
| /* confdefs.h.  */
| 
| #define PACKAGE_NAME ""
| #define PACKAGE_TARNAME ""
| #define PACKAGE_VERSION ""
| #define PACKAGE_STRING ""
| #define PACKAGE_BUGREPORT ""
| #ifdef __cplusplus
| extern "C" void std::exit (int); using std::exit;
| #endif
| #define HAVE_UNISTD_H 1
| #define HAVE_SYS_SOCKET_H 1
| /* end confdefs.h.  */
| #include <stdio.h>
| #if HAVE_SYS_TYPES_H
| # include <sys/types.h>
| #endif
| #if HAVE_SYS_STAT_H
| # include <sys/stat.h>
| #endif
| #if STDC_HEADERS
| # include <stdlib.h>
| # include <stddef.h>
| #else
| # if HAVE_STDLIB_H
| #  include <stdlib.h>
| # endif
| #endif
| #if HAVE_STRING_H
| # if !STDC_HEADERS && HAVE_MEMORY_H
| #  include <memory.h>
| # endif
| # include <string.h>
| #endif
| #if HAVE_STRINGS_H
| # include <strings.h>
| #endif
| #if HAVE_INTTYPES_H
| # include <inttypes.h>
| #else
| # if HAVE_STDINT_H
| #  include <stdint.h>
| # endif
| #endif
| #if HAVE_UNISTD_H
| # include <unistd.h>
| #endif
| #include <winsock2.h>
configure:8816: result: no
configure:8820: checking winsock2.h presence
configure:8830:   -INONE conftest.cc
./configure: line 8831: -INONE: command not found
configure:8836: $? = 127
configure: failed program was:
| /* confdefs.h.  */
| 
| #define PACKAGE_NAME ""
| #define PACKAGE_TARNAME ""
| #define PACKAGE_VERSION ""
| #define PACKAGE_STRING ""
| #define PACKAGE_BUGREPORT ""
| #ifdef __cplusplus
| extern "C" void std::exit (int); using std::exit;
| #endif
| #define HAVE_UNISTD_H 1
| #define HAVE_SYS_SOCKET_H 1
| /* end confdefs.h.  */
| #include <winsock2.h>
configure:8856: result: no
configure:8891: checking for winsock2.h
configure:8898: result: no
configure:8775: checking WS2tcpip.h usability
configure:8787: g++ -c -g -O2 -O2 -fomit-frame-pointer -fno-exceptions -Wall -W -Wno-unused-parameter -pipe -DOSX -I/Users/edmcmanus/alchemy/v0.5/../usr/local/include -L/Users/edmcmanus/alchemy/v0.5/../usr/local/lib  -INONE conftest.cc >&5
conftest.cc:48:22: error: WS2tcpip.h: No such file or directory
configure:8793: $? = 0
configure:8797: test -z 
			 || test ! -s conftest.err
configure:8800: $? = 0
configure:8803: test -s conftest.o
configure:8806: $? = 1
configure: failed program was:
| /* confdefs.h.  */
| 
| #define PACKAGE_NAME ""
| #define PACKAGE_TARNAME ""
| #define PACKAGE_VERSION ""
| #define PACKAGE_STRING ""
| #define PACKAGE_BUGREPORT ""
| #ifdef __cplusplus
| extern "C" void std::exit (int); using std::exit;
| #endif
| #define HAVE_UNISTD_H 1
| #define HAVE_SYS_SOCKET_H 1
| /* end confdefs.h.  */
| #include <stdio.h>
| #if HAVE_SYS_TYPES_H
| # include <sys/types.h>
| #endif
| #if HAVE_SYS_STAT_H
| # include <sys/stat.h>
| #endif
| #if STDC_HEADERS
| # include <stdlib.h>
| # include <stddef.h>
| #else
| # if HAVE_STDLIB_H
| #  include <stdlib.h>
| # endif
| #endif
| #if HAVE_STRING_H
| # if !STDC_HEADERS && HAVE_MEMORY_H
| #  include <memory.h>
| # endif
| # include <string.h>
| #endif
| #if HAVE_STRINGS_H
| # include <strings.h>
| #endif
| #if HAVE_INTTYPES_H
| # include <inttypes.h>
| #else
| # if HAVE_STDINT_H
| #  include <stdint.h>
| # endif
| #endif
| #if HAVE_UNISTD_H
| # include <unistd.h>
| #endif
| #include <WS2tcpip.h>
configure:8816: result: no
configure:8820: checking WS2tcpip.h presence
configure:8830:   -INONE conftest.cc
./configure: line 8831: -INONE: command not found
configure:8836: $? = 127
configure: failed program was:
| /* confdefs.h.  */
| 
| #define PACKAGE_NAME ""
| #define PACKAGE_TARNAME ""
| #define PACKAGE_VERSION ""
| #define PACKAGE_STRING ""
| #define PACKAGE_BUGREPORT ""
| #ifdef __cplusplus
| extern "C" void std::exit (int); using std::exit;
| #endif
| #define HAVE_UNISTD_H 1
| #define HAVE_SYS_SOCKET_H 1
| /* end confdefs.h.  */
| #include <WS2tcpip.h>
configure:8856: result: no
configure:8891: checking for WS2tcpip.h
configure:8898: result: no
configure:8915: checking if sizeof(void *) == sizeof(int)
configure:8938: g++ -o conftest.exe -g -O2 -O2 -fomit-frame-pointer -fno-exceptions -Wall -W -Wno-unused-parameter -pipe -DOSX -I/Users/edmcmanus/alchemy/v0.5/../usr/local/include -L/Users/edmcmanus/alchemy/v0.5/../usr/local/lib  -INONE    conftest.cc  >&5
WARNING: While resolving call to function 'main' arguments were dropped!
WARNING: While resolving call to function 'stub_null' arguments were dropped!
WARNING: While resolving call to function 'stub_zero' arguments were dropped!
WARNING: While resolving call to function 'stub_zero' arguments were dropped!
WARNING: While resolving call to function 'stub_zero' arguments were dropped!
WARNING: While resolving call to function 'stub_zero' arguments were dropped!
WARNING: While resolving call to function 'stub_zero' arguments were dropped!

31130.achacks.swf, 285300 bytes written
configure:8941: $? = 0
configure:8943: ./conftest.exe
configure:8946: $? = 0
configure:8958: result: yes
configure:8967: checking if rightshift int8 is arithmetic
configure:8995: g++ -o conftest.exe -g -O2 -O2 -fomit-frame-pointer -fno-exceptions -Wall -W -Wno-unused-parameter -pipe -DOSX -I/Users/edmcmanus/alchemy/v0.5/../usr/local/include -L/Users/edmcmanus/alchemy/v0.5/../usr/local/lib  -INONE    conftest.cc  >&5
In file included from conftest.cc:15:
port.h:170:20: error: memory.h: No such file or directory
configure:8998: $? = 0
configure:9000: ./conftest.exe
./configure: line 9001: ./conftest.exe: No such file or directory
configure:9003: $? = 127
configure: program exited with status 127
configure: failed program was:
| /* confdefs.h.  */
| 
| #define PACKAGE_NAME ""
| #define PACKAGE_TARNAME ""
| #define PACKAGE_VERSION ""
| #define PACKAGE_STRING ""
| #define PACKAGE_BUGREPORT ""
| #ifdef __cplusplus
| extern "C" void std::exit (int); using std::exit;
| #endif
| #define HAVE_UNISTD_H 1
| #define HAVE_SYS_SOCKET_H 1
| /* end confdefs.h.  */
| 
| #include "port.h"
| 
| int main(void){
|     int8 i;
| 
|     i=-1;
|     i>>=1;
|     return(i<0?0:1);
| }
| 
configure:9021: result: no
configure:9035: checking if rightshift int16 is arithmetic
configure:9063: g++ -o conftest.exe -g -O2 -O2 -fomit-frame-pointer -fno-exceptions -Wall -W -Wno-unused-parameter -pipe -DOSX -I/Users/edmcmanus/alchemy/v0.5/../usr/local/include -L/Users/edmcmanus/alchemy/v0.5/../usr/local/lib  -INONE    conftest.cc  >&5
In file included from conftest.cc:15:
port.h:170:20: error: memory.h: No such file or directory
configure:9066: $? = 0
configure:9068: ./conftest.exe
./configure: line 9069: ./conftest.exe: No such file or directory
configure:9071: $? = 127
configure: program exited with status 127
configure: failed program was:
| /* confdefs.h.  */
| 
| #define PACKAGE_NAME ""
| #define PACKAGE_TARNAME ""
| #define PACKAGE_VERSION ""
| #define PACKAGE_STRING ""
| #define PACKAGE_BUGREPORT ""
| #ifdef __cplusplus
| extern "C" void std::exit (int); using std::exit;
| #endif
| #define HAVE_UNISTD_H 1
| #define HAVE_SYS_SOCKET_H 1
| /* end confdefs.h.  */
| 
| #include "port.h"
| 
| int main(void){
|     int16 i;
| 
|     i=-1;
|     i>>=1;
|     return(i<0?0:1);
| }
| 
configure:9089: result: no
configure:9103: checking if rightshift int32 is arithmetic
configure:9131: g++ -o conftest.exe -g -O2 -O2 -fomit-frame-pointer -fno-exceptions -Wall -W -Wno-unused-parameter -pipe -DOSX -I/Users/edmcmanus/alchemy/v0.5/../usr/local/include -L/Users/edmcmanus/alchemy/v0.5/../usr/local/lib  -INONE    conftest.cc  >&5
In file included from conftest.cc:15:
port.h:170:20: error: memory.h: No such file or directory
configure:9134: $? = 0
configure:9136: ./conftest.exe
./configure: line 9137: ./conftest.exe: No such file or directory
configure:9139: $? = 127
configure: program exited with status 127
configure: failed program was:
| /* confdefs.h.  */
| 
| #define PACKAGE_NAME ""
| #define PACKAGE_TARNAME ""
| #define PACKAGE_VERSION ""
| #define PACKAGE_STRING ""
| #define PACKAGE_BUGREPORT ""
| #ifdef __cplusplus
| extern "C" void std::exit (int); using std::exit;
| #endif
| #define HAVE_UNISTD_H 1
| #define HAVE_SYS_SOCKET_H 1
| /* end confdefs.h.  */
| 
| #include "port.h"
| 
| int main(void){
|     int32 i;
| 
|     i=-1;
|     i>>=1;
|     return(i<0?0:1);
| }
| 
configure:9157: result: no
configure:9171: checking if rightshift int64 is arithmetic
configure:9199: g++ -o conftest.exe -g -O2 -O2 -fomit-frame-pointer -fno-exceptions -Wall -W -Wno-unused-parameter -pipe -DOSX -I/Users/edmcmanus/alchemy/v0.5/../usr/local/include -L/Users/edmcmanus/alchemy/v0.5/../usr/local/lib  -INONE    conftest.cc  >&5
In file included from conftest.cc:15:
port.h:170:20: error: memory.h: No such file or directory
configure:9202: $? = 0
configure:9204: ./conftest.exe
./configure: line 9205: ./conftest.exe: No such file or directory
configure:9207: $? = 127
configure: program exited with status 127
configure: failed program was:
| /* confdefs.h.  */
| 
| #define PACKAGE_NAME ""
| #define PACKAGE_TARNAME ""
| #define PACKAGE_VERSION ""
| #define PACKAGE_STRING ""
| #define PACKAGE_BUGREPORT ""
| #ifdef __cplusplus
| extern "C" void std::exit (int); using std::exit;
| #endif
| #define HAVE_UNISTD_H 1
| #define HAVE_SYS_SOCKET_H 1
| /* end confdefs.h.  */
| 
| #include "port.h"
| 
| int main(void){
|     int64 i;
| 
|     i=-1;
|     i>>=1;
|     return(i<0?0:1);
| }
| 
configure:9225: result: no
configure:9251: checking for the type of the last argument to accept
configure:9308: g++ -c -g -O2 -O2 -fomit-frame-pointer -fno-exceptions -Wall -W -Wno-unused-parameter -pipe -DOSX -I/Users/edmcmanus/alchemy/v0.5/../usr/local/include -L/Users/edmcmanus/alchemy/v0.5/../usr/local/lib  -INONE conftest.cc >&5
configure:9314: $? = 0
configure:9318: test -z 
			 || test ! -s conftest.err
configure:9321: $? = 0
configure:9324: test -s conftest.o
configure:9327: $? = 0
configure:9515: result: socklen_t *
configure:9526: checking if _XOPEN_SOURCE_EXTENDED is defined
configure:9554: g++ -c -g -O2 -O2 -fomit-frame-pointer -fno-exceptions -Wall -W -Wno-unused-parameter -pipe -DOSX -I/Users/edmcmanus/alchemy/v0.5/../usr/local/include -L/Users/edmcmanus/alchemy/v0.5/../usr/local/lib  -INONE conftest.cc >&5
conftest.cc:19:2: error: #error _XOPEN_SOURCE_EXTENDED not defined.
configure:9560: $? = 0
configure:9564: test -z 
			 || test ! -s conftest.err
configure:9567: $? = 0
configure:9570: test -s conftest.o
configure:9573: $? = 1
configure: failed program was:
| /* confdefs.h.  */
| 
| #define PACKAGE_NAME ""
| #define PACKAGE_TARNAME ""
| #define PACKAGE_VERSION ""
| #define PACKAGE_STRING ""
| #define PACKAGE_BUGREPORT ""
| #ifdef __cplusplus
| extern "C" void std::exit (int); using std::exit;
| #endif
| #define HAVE_UNISTD_H 1
| #define HAVE_SYS_SOCKET_H 1
| #define ACCEPT_SIZE_T socklen_t
| /* end confdefs.h.  */
| 
| #ifdef _XOPEN_SOURCE_EXTENDED
| /* */
| #else
| #error _XOPEN_SOURCE_EXTENDED not defined.
| #endif
| 
| int
| main ()
| {
| 
|   ;
|   return 0;
| }
configure:9585: result: no
configure:9607: checking pthread.h usability
configure:9619: g++ -c -g -O2 -O2 -fomit-frame-pointer -fno-exceptions -Wall -W -Wno-unused-parameter -pipe -DOSX -I/Users/edmcmanus/alchemy/v0.5/../usr/local/include -L/Users/edmcmanus/alchemy/v0.5/../usr/local/lib  -INONE conftest.cc >&5
configure:9625: $? = 0
configure:9629: test -z 
			 || test ! -s conftest.err
configure:9632: $? = 0
configure:9635: test -s conftest.o
configure:9638: $? = 0
configure:9648: result: yes
configure:9652: checking pthread.h presence
configure:9662:   -INONE conftest.cc
./configure: line 9663: -INONE: command not found
configure:9668: $? = 127
configure: failed program was:
| /* confdefs.h.  */
| 
| #define PACKAGE_NAME ""
| #define PACKAGE_TARNAME ""
| #define PACKAGE_VERSION ""
| #define PACKAGE_STRING ""
| #define PACKAGE_BUGREPORT ""
| #ifdef __cplusplus
| extern "C" void std::exit (int); using std::exit;
| #endif
| #define HAVE_UNISTD_H 1
| #define HAVE_SYS_SOCKET_H 1
| #define ACCEPT_SIZE_T socklen_t
| /* end confdefs.h.  */
| #include <pthread.h>
configure:9688: result: no
configure:9694: WARNING: pthread.h: accepted by the compiler, rejected by the preprocessor!
configure:9696: WARNING: pthread.h: proceeding with the compiler's result
configure:9723: checking for pthread.h
configure:9730: result: yes
configure:9824: checking for gethostbyname in -lnsl
configure:9854: g++ -o conftest.exe -g -O2 -O2 -fomit-frame-pointer -fno-exceptions -Wall -W -Wno-unused-parameter -pipe -DOSX -I/Users/edmcmanus/alchemy/v0.5/../usr/local/include -L/Users/edmcmanus/alchemy/v0.5/../usr/local/lib  -INONE    conftest.cc -lnsl   >&5
WARNING: While resolving call to function 'main' arguments were dropped!
WARNING: While resolving call to function 'stub_null' arguments were dropped!
WARNING: While resolving call to function 'stub_zero' arguments were dropped!
WARNING: While resolving call to function 'stub_zero' arguments were dropped!
WARNING: While resolving call to function 'stub_zero' arguments were dropped!
WARNING: While resolving call to function 'stub_zero' arguments were dropped!
WARNING: While resolving call to function 'stub_zero' arguments were dropped!

31718.achacks.swf, 285430 bytes written
configure:9860: $? = 0
configure:9864: test -z 
			 || test ! -s conftest.err
configure:9867: $? = 0
configure:9870: test -s conftest.exe
configure:9873: $? = 0
configure:9886: result: yes
configure:9898: checking for socket in -lsocket
configure:9928: g++ -o conftest.exe -g -O2 -O2 -fomit-frame-pointer -fno-exceptions -Wall -W -Wno-unused-parameter -pipe -DOSX -I/Users/edmcmanus/alchemy/v0.5/../usr/local/include -L/Users/edmcmanus/alchemy/v0.5/../usr/local/lib  -INONE    conftest.cc -lsocket  -lnsl  >&5
WARNING: While resolving call to function 'main' arguments were dropped!
WARNING: While resolving call to function 'stub_null' arguments were dropped!
WARNING: While resolving call to function 'stub_zero' arguments were dropped!
WARNING: While resolving call to function 'stub_zero' arguments were dropped!
WARNING: While resolving call to function 'stub_zero' arguments were dropped!
WARNING: While resolving call to function 'stub_zero' arguments were dropped!
WARNING: While resolving call to function 'stub_zero' arguments were dropped!

31852.achacks.swf, 286333 bytes written
configure:9934: $? = 0
configure:9938: test -z 
			 || test ! -s conftest.err
configure:9941: $? = 0
configure:9944: test -s conftest.exe
configure:9947: $? = 0
configure:9960: result: yes
configure:10162: creating ./config.status

## ---------------------- ##
## Running config.status. ##
## ---------------------- ##

This file was extended by config.status, which was
generated by GNU Autoconf 2.59.  Invocation command line was

  CONFIG_FILES    = 
  CONFIG_HEADERS  = 
  CONFIG_LINKS    = 
  CONFIG_COMMANDS = 
  $ ./config.status 

on champ.local

config.status:661: creating Makefile

## ---------------- ##
## Cache variables. ##
## ---------------- ##

ac_cv_c_compiler_gnu=yes
ac_cv_cxx_compiler_gnu=yes
ac_cv_env_CC_set=
ac_cv_env_CC_value=
ac_cv_env_CFLAGS_set=
ac_cv_env_CFLAGS_value=
ac_cv_env_CPPFLAGS_set=
ac_cv_env_CPPFLAGS_value=
ac_cv_env_CXXCPP_set=
ac_cv_env_CXXCPP_value=
ac_cv_env_CXXFLAGS_set=
ac_cv_env_CXXFLAGS_value=
ac_cv_env_CXX_set=
ac_cv_env_CXX_value=
ac_cv_env_LDFLAGS_set=
ac_cv_env_LDFLAGS_value=
ac_cv_env_build_alias_set=
ac_cv_env_build_alias_value=
ac_cv_env_host_alias_set=
ac_cv_env_host_alias_value=
ac_cv_env_target_alias_set=
ac_cv_env_target_alias_value=
ac_cv_exeext=.exe
ac_cv_func_mkstemp=yes
ac_cv_header_WS2tcpip_h=no
ac_cv_header_pthread_h=yes
ac_cv_header_stdint_h=yes
ac_cv_header_strings_h=yes
ac_cv_header_sys_ioctl_h=yes
ac_cv_header_sys_socket_h=yes
ac_cv_header_unistd_h=yes
ac_cv_header_winsock2_h=no
ac_cv_header_winsock_h=no
ac_cv_lib_Xxf86dga_XF86DGAQueryExtension=yes
ac_cv_lib_Xxf86vm_XF86VidModeQueryVersion=yes
ac_cv_lib_nsl_gethostbyname=yes
ac_cv_lib_socket_socket=yes
ac_cv_my_sar_int16=no
ac_cv_my_sar_int32=no
ac_cv_my_sar_int64=no
ac_cv_my_sar_int8=no
ac_cv_objext=o
ac_cv_prog_ac_ct_CC=gcc
ac_cv_prog_ac_ct_CXX=g++
ac_cv_prog_cc_g=yes
ac_cv_prog_cc_stdc=
ac_cv_prog_cxx_g=yes
ac_cv_type_size_t=yes
snes9x_cv_accept_size_t=socklen_t
snes9x_cv_hpux_os=no
snes9x_cv_i386_cpu=yes
snes9x_cv_linux_os=no
snes9x_cv_option_W=yes
snes9x_cv_option_Wall=yes
snes9x_cv_option_Wno_unused_parameter=yes
snes9x_cv_option_no_exceptions=yes
snes9x_cv_option_no_rtti=yes
snes9x_cv_option_o2=yes
snes9x_cv_option_omit_frame_pointer=yes
snes9x_cv_option_pedantic=no
snes9x_cv_option_pipe=yes
snes9x_cv_sound=no
snes9x_cv_win32_os=no
snes9x_cv_xopen_source_extended=no

## ----------------- ##
## Output variables. ##
## ----------------- ##

AIDO='#AIDO=1'
ASMCPU=''
ASMKREED='#ASMKREED=1'
BUILDDIR='/Users/edmcmanus/Code/flashsnes/src/c/snes9x_src'
CC='gcc'
CFLAGS='-g -O2 -INONE'
CORRECT_VRAM_READS='CORRECT_VRAM_READS=1'
CPPFLAGS=' -INONE'
CPUINC=''
CXX='g++'
CXXCPP=''
CXXFLAGS='-g -O2 -O2 -fomit-frame-pointer -fno-exceptions -Wall -W -Wno-unused-parameter -pipe -DOSX -I/Users/edmcmanus/alchemy/v0.5/../usr/local/include -L/Users/edmcmanus/alchemy/v0.5/../usr/local/lib'
DEFS='-DPACKAGE_NAME=\"\" -DPACKAGE_TARNAME=\"\" -DPACKAGE_VERSION=\"\" -DPACKAGE_STRING=\"\" -DPACKAGE_BUGREPORT=\"\" -DHAVE_UNISTD_H=1 -DHAVE_SYS_SOCKET_H=1 -DACCEPT_SIZE_T=socklen_t -DHAVE_LIBNSL=1 -DHAVE_LIBSOCKET=1 '
DREAMCAST='#DREAMCAST=1'
ECHO_C='ECHO_N=''
ECHO_T=''
EGREP=''
EXEEXT='.exe'
GLIDE='#GLIDE=1'
I386SPC=''
JMA='#JMA=1'
JOYDEFINES=''
LDFLAGS='  '
LIBOBJS=''
LIBS='-lsocket -lnsl '
LTLIBOBJS=''
NASM='not_found'
NETPLAY='#NETPLAY=1'
OBJEXT='o'
OPENGL='#OPENGL=1'
OPTIMIZE=' -O2 -fomit-frame-pointer -fno-exceptions -Wall -W -Wno-unused-parameter -pipe -DOSX -I/Users/edmcmanus/alchemy/v0.5/../usr/local/include -L/Users/edmcmanus/alchemy/v0.5/../usr/local/lib'
PACKAGE_BUGREPORT=''
PACKAGE_NAME=''
PACKAGE_STRING=''
PACKAGE_TARNAME=''
PACKAGE_VERSION=''
PATH_SEPARATOR=':'
RTTIFLAG=' -fno-rtti'
SDD1_DECOMP='#SDD1_DECOMP=1'
SHELL='/bin/sh'
SPC700ASM=''
SYSDEFINES=' -DNOASM -DNEW_COLOUR_BLENDING -DHAVE_MKSTEMP -DUSE_DGA_EXTENSION -DUSE_VIDMODE_EXTENSION -DHAVE_STRINGS_H -DHAVE_SYS_IOCTL_H -DHAVE_STDINT_H '-DACCEPT_SIZE_T=socklen_t' -DNOSOUND'
SYSLIBS=' -lXxf86dga -lXxf86vm -lsocket -lnsl '
THREAD_SOUND='#THREAD_SOUND=1'
X_INCLUDES='-INONE'
ZSNESC4='#ZSNESC4=1'
ZSNESFX='#ZSNESFX=1'
ac_ct_CC='gcc'
ac_ct_CXX='g++'
bindir='${exec_prefix}/bin'
build_alias=''
datadir='${prefix}/share'
exec_prefix='${prefix}'
host_alias=''
includedir='/Users/edmcmanus/alchemy/v0.5/avm2-libc/include'
infodir='${prefix}/info'
libdir='/Users/edmcmanus/alchemy/v0.5/avm2-libc/lib'
libexecdir='${exec_prefix}/libexec'
localstatedir='${prefix}/var'
mandir='${prefix}/man'
oldincludedir='/usr/include'
prefix='/Users/edmcmanus/alchemy/v0.5/../usr/local'
prog_nasm=''
program_transform_name='s,x,x,'
sbindir='${exec_prefix}/sbin'
sharedstatedir='${prefix}/com'
sysconfdir='${prefix}/etc'
target_alias=''

## ----------- ##
## confdefs.h. ##
## ----------- ##

#define ACCEPT_SIZE_T socklen_t
#define HAVE_LIBNSL 1
#define HAVE_LIBSOCKET 1
#define HAVE_SYS_SOCKET_H 1
#define HAVE_UNISTD_H 1
#define PACKAGE_BUGREPORT ""
#define PACKAGE_NAME ""
#define PACKAGE_STRING ""
#define PACKAGE_TARNAME ""
#define PACKAGE_VERSION ""
#endif
#ifdef __cplusplus
extern "C" void std::exit (int); using std::exit;

configure: exit 0
